<?xml version="1.0" encoding="UTF-8"?>
<!-- Generated by org.testng.reporters.JUnitReportReporter -->
<testsuite hostname="DESKTOP-LJUN8GS" failures="0" tests="3" name="tests.InProductTests" time="58.844" errors="0" timestamp="2023-06-29T14:40:29 EET" skipped="0">
  <testcase classname="tests.InProductTests" name="verifyHoveringOverSmallPics" time="19.639"/>
  <system-out/>
  <testcase classname="tests.InProductTests" name="verifyHoveringOverSmallPics" time="19.672"/>
  <system-out/>
  <testcase classname="tests.InProductTests" name="verifyHoveringOverSmallPics" time="19.533"/>
  <system-out/>
</testsuite> <!-- tests.InProductTests -->
