<?xml version="1.0" encoding="UTF-8"?>
<!-- Generated by org.testng.reporters.JUnitReportReporter -->
<testsuite hostname="DESKTOP-LJUN8GS" failures="0" tests="9" name="tests.RegisterFunctionality" time="150.403" errors="0" timestamp="2023-06-29T12:38:17 EET" skipped="0">
  <testcase classname="tests.RegisterFunctionality" name="validRegister" time="12.975"/>
  <system-out/>
  <testcase classname="tests.RegisterFunctionality" name="invalidRegister" time="14.234"/>
  <system-out/>
  <testcase classname="tests.RegisterFunctionality" name="sameEmailRegister" time="16.703"/>
  <system-out/>
  <testcase classname="tests.RegisterFunctionality" name="validRegister" time="14.244"/>
  <system-out/>
  <testcase classname="tests.RegisterFunctionality" name="sameEmailRegister" time="18.911"/>
  <system-out/>
  <testcase classname="tests.RegisterFunctionality" name="sameEmailRegister" time="29.180"/>
  <system-out/>
  <testcase classname="tests.RegisterFunctionality" name="invalidRegister" time="8.621"/>
  <system-out/>
  <testcase classname="tests.RegisterFunctionality" name="validRegister" time="24.208"/>
  <system-out/>
  <testcase classname="tests.RegisterFunctionality" name="invalidRegister" time="11.327"/>
  <system-out/>
</testsuite> <!-- tests.RegisterFunctionality -->
