<?xml version="1.0" encoding="UTF-8"?>
<!-- Generated by org.testng.reporters.JUnitReportReporter -->
<testsuite hostname="DESKTOP-LJUN8GS" failures="0" tests="39" name="tests.LogInTests" time="431.871" errors="0" timestamp="2023-06-29T12:38:17 EET" skipped="0">
  <testcase classname="tests.LogInTests" name="verifyLoggingWithInvalidCredentialsFromJSON" time="10.688"/>
  <system-out/>
  <testcase classname="tests.LogInTests" name="verifyLoggingWithInvalidCredentials" time="6.955"/>
  <system-out/>
  <testcase classname="tests.LogInTests" name="verifyLoggingWithInvalidCredentials" time="7.075"/>
  <system-out/>
  <testcase classname="tests.LogInTests" name="verifyLoggingWithInvalidCredentials" time="6.536"/>
  <system-out/>
  <testcase classname="tests.LogInTests" name="verifyLoggingWithInvalidCredentials" time="10.784"/>
  <system-out/>
  <testcase classname="tests.LogInTests" name="verifyLoggingWithInvalidCredentialsFromExcel" time="8.626"/>
  <system-out/>
  <testcase classname="tests.LogInTests" name="verifyLoggingWithInvalidCredentialsFromExcel" time="9.434"/>
  <system-out/>
  <testcase classname="tests.LogInTests" name="verifyLoggingWithInvalidCredentialsFromJSON" time="11.694"/>
  <system-out/>
  <testcase classname="tests.LogInTests" name="verifyLoggingWithInvalidCredentials" time="9.082"/>
  <system-out/>
  <testcase classname="tests.LogInTests" name="verifyLoggingWithInvalidCredentialsFromExcel" time="16.215"/>
  <system-out/>
  <testcase classname="tests.LogInTests" name="sucessfulLogIn" time="17.682"/>
  <system-out/>
  <testcase classname="tests.LogInTests" name="sucessfulLogIn" time="24.710"/>
  <system-out/>
  <testcase classname="tests.LogInTests" name="verifyLoggingWithInvalidCredentialsFromExcel" time="9.145"/>
  <system-out/>
  <testcase classname="tests.LogInTests" name="verifyLoggingWithInvalidCredentialsFromJSON" time="9.091"/>
  <system-out/>
  <testcase classname="tests.LogInTests" name="verifyLoggingWithInvalidCredentials" time="6.802"/>
  <system-out/>
  <testcase classname="tests.LogInTests" name="verifyLoggingWithInvalidCredentialsFromJSON" time="11.151"/>
  <system-out/>
  <testcase classname="tests.LogInTests" name="verifyLoggingWithInvalidCredentials" time="7.068"/>
  <system-out/>
  <testcase classname="tests.LogInTests" name="verifyLoggingWithInvalidCredentialsFromExcel" time="12.711"/>
  <system-out/>
  <testcase classname="tests.LogInTests" name="verifyLoggingWithInvalidCredentialsFromJSON" time="12.878"/>
  <system-out/>
  <testcase classname="tests.LogInTests" name="verifyLoggingWithInvalidCredentialsFromJSON" time="15.086"/>
  <system-out/>
  <testcase classname="tests.LogInTests" name="verifyLoggingWithInvalidCredentialsFromJSON" time="12.263"/>
  <system-out/>
  <testcase classname="tests.LogInTests" name="verifyLoggingWithInvalidCredentialsFromExcel" time="7.410"/>
  <system-out/>
  <testcase classname="tests.LogInTests" name="verifyLoggingWithInvalidCredentialsFromExcel" time="9.569"/>
  <system-out/>
  <testcase classname="tests.LogInTests" name="verifyLoggingWithInvalidCredentialsFromExcel" time="11.202"/>
  <system-out/>
  <testcase classname="tests.LogInTests" name="verifyLoggingWithInvalidCredentials" time="6.838"/>
  <system-out/>
  <testcase classname="tests.LogInTests" name="verifyLoggingWithInvalidCredentials" time="8.402"/>
  <system-out/>
  <testcase classname="tests.LogInTests" name="verifyLoggingWithInvalidCredentialsFromExcel" time="10.357"/>
  <system-out/>
  <testcase classname="tests.LogInTests" name="verifyLoggingWithInvalidCredentialsFromExcel" time="10.484"/>
  <system-out/>
  <testcase classname="tests.LogInTests" name="sucessfulLogIn" time="20.440"/>
  <system-out/>
  <testcase classname="tests.LogInTests" name="verifyLoggingWithInvalidCredentials" time="9.558"/>
  <system-out/>
  <testcase classname="tests.LogInTests" name="verifyLoggingWithInvalidCredentialsFromExcel" time="10.495"/>
  <system-out/>
  <testcase classname="tests.LogInTests" name="verifyLoggingWithInvalidCredentialsFromJSON" time="14.419"/>
  <system-out/>
  <testcase classname="tests.LogInTests" name="verifyLoggingWithInvalidCredentials" time="8.078"/>
  <system-out/>
  <testcase classname="tests.LogInTests" name="verifyLoggingWithInvalidCredentialsFromJSON" time="10.901"/>
  <system-out/>
  <testcase classname="tests.LogInTests" name="verifyLoggingWithInvalidCredentialsFromJSON" time="14.500"/>
  <system-out/>
  <testcase classname="tests.LogInTests" name="verifyLoggingWithInvalidCredentials" time="14.897"/>
  <system-out/>
  <testcase classname="tests.LogInTests" name="verifyLoggingWithInvalidCredentialsFromExcel" time="9.813"/>
  <system-out/>
  <testcase classname="tests.LogInTests" name="verifyLoggingWithInvalidCredentialsFromJSON" time="12.005"/>
  <system-out/>
  <testcase classname="tests.LogInTests" name="verifyLoggingWithInvalidCredentialsFromJSON" time="6.827"/>
  <system-out/>
</testsuite> <!-- tests.LogInTests -->
